<?xml version="1.0" encoding="UTF-8" ?>
<testsuite failures="0" time="1.537" errors="2" skipped="0" tests="2" name="pe.joedayz.ejemplos.cxf.ClienteHolaMundoTest">
  <properties>
    <property name="java.runtime.name" value="Java(TM) SE Runtime Environment"/>
    <property name="sun.boot.library.path" value="/System/Library/Java/JavaVirtualMachines/1.6.0.jdk/Contents/Libraries"/>
    <property name="java.vm.version" value="20.6-b01-415"/>
    <property name="awt.nativeDoubleBuffering" value="true"/>
    <property name="gopherProxySet" value="false"/>
    <property name="mrj.build" value="11M3635"/>
    <property name="java.vm.vendor" value="Apple Inc."/>
    <property name="java.vendor.url" value="http://www.apple.com/"/>
    <property name="path.separator" value=":"/>
    <property name="java.vm.name" value="Java HotSpot(TM) 64-Bit Server VM"/>
    <property name="file.encoding.pkg" value="sun.io"/>
    <property name="user.country" value="US"/>
    <property name="sun.java.launcher" value="SUN_STANDARD"/>
    <property name="sun.os.patch.level" value="unknown"/>
    <property name="java.vm.specification.name" value="Java Virtual Machine Specification"/>
    <property name="user.dir" value="/Users/josediaz/Documents/workspace-dsd/apachecxf-jaxws-list-persons"/>
    <property name="java.runtime.version" value="1.6.0_31-b04-415-11M3635"/>
    <property name="java.awt.graphicsenv" value="apple.awt.CGraphicsEnvironment"/>
    <property name="basedir" value="/Users/josediaz/Documents/workspace-dsd/apachecxf-jaxws-list-persons"/>
    <property name="java.endorsed.dirs" value="/System/Library/Java/JavaVirtualMachines/1.6.0.jdk/Contents/Home/lib/endorsed"/>
    <property name="os.arch" value="x86_64"/>
    <property name="surefire.real.class.path" value="/Users/josediaz/Documents/workspace-dsd/apachecxf-jaxws-list-persons/target/surefire/surefirebooter7350448322832982109.jar"/>
    <property name="java.io.tmpdir" value="/var/folders/js/5wmqwhy54tb8jpb3zy5wbrlc0000gn/T/"/>
    <property name="line.separator" value="
"/>
    <property name="java.vm.specification.vendor" value="Sun Microsystems Inc."/>
    <property name="os.name" value="Mac OS X"/>
    <property name="sun.jnu.encoding" value="MacRoman"/>
    <property name="java.library.path" value=".:/Library/Java/Extensions:/System/Library/Java/Extensions:/usr/lib/java"/>
    <property name="surefire.test.class.path" value="/Users/josediaz/Documents/workspace-dsd/apachecxf-jaxws-list-persons/target/test-classes:/Users/josediaz/Documents/workspace-dsd/apachecxf-jaxws-list-persons/target/classes:/Users/josediaz/.m2/repository/org/apache/cxf/cxf-rt-frontend-jaxws/2.2.6/cxf-rt-frontend-jaxws-2.2.6.jar:/Users/josediaz/.m2/repository/xml-resolver/xml-resolver/1.2/xml-resolver-1.2.jar:/Users/josediaz/.m2/repository/org/apache/geronimo/specs/geronimo-jaxws_2.1_spec/1.0/geronimo-jaxws_2.1_spec-1.0.jar:/Users/josediaz/.m2/repository/org/apache/geronimo/specs/geronimo-activation_1.1_spec/1.0.2/geronimo-activation_1.1_spec-1.0.2.jar:/Users/josediaz/.m2/repository/org/apache/geronimo/specs/geronimo-ws-metadata_2.0_spec/1.1.2/geronimo-ws-metadata_2.0_spec-1.1.2.jar:/Users/josediaz/.m2/repository/asm/asm/2.2.3/asm-2.2.3.jar:/Users/josediaz/.m2/repository/org/apache/cxf/cxf-api/2.2.6/cxf-api-2.2.6.jar:/Users/josediaz/.m2/repository/org/apache/cxf/cxf-common-utilities/2.2.6/cxf-common-utilities-2.2.6.jar:/Users/josediaz/.m2/repository/org/apache/geronimo/specs/geronimo-stax-api_1.0_spec/1.0.1/geronimo-stax-api_1.0_spec-1.0.1.jar:/Users/josediaz/.m2/repository/wsdl4j/wsdl4j/1.6.2/wsdl4j-1.6.2.jar:/Users/josediaz/.m2/repository/commons-lang/commons-lang/2.4/commons-lang-2.4.jar:/Users/josediaz/.m2/repository/org/apache/ws/commons/schema/XmlSchema/1.4.5/XmlSchema-1.4.5.jar:/Users/josediaz/.m2/repository/org/apache/geronimo/specs/geronimo-annotation_1.0_spec/1.1.1/geronimo-annotation_1.0_spec-1.1.1.jar:/Users/josediaz/.m2/repository/org/codehaus/woodstox/wstx-asl/3.2.9/wstx-asl-3.2.9.jar:/Users/josediaz/.m2/repository/org/apache/neethi/neethi/2.0.4/neethi-2.0.4.jar:/Users/josediaz/.m2/repository/org/apache/cxf/cxf-common-schemas/2.2.6/cxf-common-schemas-2.2.6.jar:/Users/josediaz/.m2/repository/org/apache/cxf/cxf-rt-core/2.2.6/cxf-rt-core-2.2.6.jar:/Users/josediaz/.m2/repository/com/sun/xml/bind/jaxb-impl/2.1.12/jaxb-impl-2.1.12.jar:/Users/josediaz/.m2/repository/org/apache/geronimo/specs/geronimo-javamail_1.4_spec/1.6/geronimo-javamail_1.4_spec-1.6.jar:/Users/josediaz/.m2/repository/org/apache/cxf/cxf-rt-bindings-soap/2.2.6/cxf-rt-bindings-soap-2.2.6.jar:/Users/josediaz/.m2/repository/org/apache/cxf/cxf-tools-common/2.2.6/cxf-tools-common-2.2.6.jar:/Users/josediaz/.m2/repository/org/apache/cxf/cxf-rt-databinding-jaxb/2.2.6/cxf-rt-databinding-jaxb-2.2.6.jar:/Users/josediaz/.m2/repository/javax/xml/bind/jaxb-api/2.1/jaxb-api-2.1.jar:/Users/josediaz/.m2/repository/org/apache/cxf/cxf-rt-bindings-xml/2.2.6/cxf-rt-bindings-xml-2.2.6.jar:/Users/josediaz/.m2/repository/org/apache/cxf/cxf-rt-frontend-simple/2.2.6/cxf-rt-frontend-simple-2.2.6.jar:/Users/josediaz/.m2/repository/org/apache/cxf/cxf-rt-ws-addr/2.2.6/cxf-rt-ws-addr-2.2.6.jar:/Users/josediaz/.m2/repository/javax/xml/soap/saaj-api/1.3/saaj-api-1.3.jar:/Users/josediaz/.m2/repository/com/sun/xml/messaging/saaj/saaj-impl/1.3.2/saaj-impl-1.3.2.jar:/Users/josediaz/.m2/repository/org/apache/cxf/cxf-rt-transports-http/2.2.6/cxf-rt-transports-http-2.2.6.jar:/Users/josediaz/.m2/repository/org/springframework/spring-core/3.0.1.RELEASE/spring-core-3.0.1.RELEASE.jar:/Users/josediaz/.m2/repository/org/springframework/spring-asm/3.0.1.RELEASE/spring-asm-3.0.1.RELEASE.jar:/Users/josediaz/.m2/repository/org/springframework/spring-web/3.0.1.RELEASE/spring-web-3.0.1.RELEASE.jar:/Users/josediaz/.m2/repository/aopalliance/aopalliance/1.0/aopalliance-1.0.jar:/Users/josediaz/.m2/repository/org/springframework/spring-beans/3.0.1.RELEASE/spring-beans-3.0.1.RELEASE.jar:/Users/josediaz/.m2/repository/org/springframework/spring-context/3.0.1.RELEASE/spring-context-3.0.1.RELEASE.jar:/Users/josediaz/.m2/repository/org/springframework/spring-aop/3.0.1.RELEASE/spring-aop-3.0.1.RELEASE.jar:/Users/josediaz/.m2/repository/org/springframework/spring-expression/3.0.1.RELEASE/spring-expression-3.0.1.RELEASE.jar:/Users/josediaz/.m2/repository/org/springframework/spring-test/3.0.1.RELEASE/spring-test-3.0.1.RELEASE.jar:/Users/josediaz/.m2/repository/commons-logging/commons-logging/1.1.1/commons-logging-1.1.1.jar:/Users/josediaz/.m2/repository/junit/junit/4.5/junit-4.5.jar:"/>
    <property name="java.specification.name" value="Java Platform API Specification"/>
    <property name="java.class.version" value="50.0"/>
    <property name="sun.management.compiler" value="HotSpot 64-Bit Tiered Compilers"/>
    <property name="os.version" value="10.7.4"/>
    <property name="http.nonProxyHosts" value="local|*.local|169.254/16|*.169.254/16"/>
    <property name="user.home" value="/Users/josediaz"/>
    <property name="user.timezone" value="America/Lima"/>
    <property name="java.awt.printerjob" value="apple.awt.CPrinterJob"/>
    <property name="java.specification.version" value="1.6"/>
    <property name="file.encoding" value="MacRoman"/>
    <property name="user.name" value="josediaz"/>
    <property name="java.class.path" value="/Users/josediaz/Documents/workspace-dsd/apachecxf-jaxws-list-persons/target/test-classes:/Users/josediaz/Documents/workspace-dsd/apachecxf-jaxws-list-persons/target/classes:/Users/josediaz/.m2/repository/org/apache/cxf/cxf-rt-frontend-jaxws/2.2.6/cxf-rt-frontend-jaxws-2.2.6.jar:/Users/josediaz/.m2/repository/xml-resolver/xml-resolver/1.2/xml-resolver-1.2.jar:/Users/josediaz/.m2/repository/org/apache/geronimo/specs/geronimo-jaxws_2.1_spec/1.0/geronimo-jaxws_2.1_spec-1.0.jar:/Users/josediaz/.m2/repository/org/apache/geronimo/specs/geronimo-activation_1.1_spec/1.0.2/geronimo-activation_1.1_spec-1.0.2.jar:/Users/josediaz/.m2/repository/org/apache/geronimo/specs/geronimo-ws-metadata_2.0_spec/1.1.2/geronimo-ws-metadata_2.0_spec-1.1.2.jar:/Users/josediaz/.m2/repository/asm/asm/2.2.3/asm-2.2.3.jar:/Users/josediaz/.m2/repository/org/apache/cxf/cxf-api/2.2.6/cxf-api-2.2.6.jar:/Users/josediaz/.m2/repository/org/apache/cxf/cxf-common-utilities/2.2.6/cxf-common-utilities-2.2.6.jar:/Users/josediaz/.m2/repository/org/apache/geronimo/specs/geronimo-stax-api_1.0_spec/1.0.1/geronimo-stax-api_1.0_spec-1.0.1.jar:/Users/josediaz/.m2/repository/wsdl4j/wsdl4j/1.6.2/wsdl4j-1.6.2.jar:/Users/josediaz/.m2/repository/commons-lang/commons-lang/2.4/commons-lang-2.4.jar:/Users/josediaz/.m2/repository/org/apache/ws/commons/schema/XmlSchema/1.4.5/XmlSchema-1.4.5.jar:/Users/josediaz/.m2/repository/org/apache/geronimo/specs/geronimo-annotation_1.0_spec/1.1.1/geronimo-annotation_1.0_spec-1.1.1.jar:/Users/josediaz/.m2/repository/org/codehaus/woodstox/wstx-asl/3.2.9/wstx-asl-3.2.9.jar:/Users/josediaz/.m2/repository/org/apache/neethi/neethi/2.0.4/neethi-2.0.4.jar:/Users/josediaz/.m2/repository/org/apache/cxf/cxf-common-schemas/2.2.6/cxf-common-schemas-2.2.6.jar:/Users/josediaz/.m2/repository/org/apache/cxf/cxf-rt-core/2.2.6/cxf-rt-core-2.2.6.jar:/Users/josediaz/.m2/repository/com/sun/xml/bind/jaxb-impl/2.1.12/jaxb-impl-2.1.12.jar:/Users/josediaz/.m2/repository/org/apache/geronimo/specs/geronimo-javamail_1.4_spec/1.6/geronimo-javamail_1.4_spec-1.6.jar:/Users/josediaz/.m2/repository/org/apache/cxf/cxf-rt-bindings-soap/2.2.6/cxf-rt-bindings-soap-2.2.6.jar:/Users/josediaz/.m2/repository/org/apache/cxf/cxf-tools-common/2.2.6/cxf-tools-common-2.2.6.jar:/Users/josediaz/.m2/repository/org/apache/cxf/cxf-rt-databinding-jaxb/2.2.6/cxf-rt-databinding-jaxb-2.2.6.jar:/Users/josediaz/.m2/repository/javax/xml/bind/jaxb-api/2.1/jaxb-api-2.1.jar:/Users/josediaz/.m2/repository/org/apache/cxf/cxf-rt-bindings-xml/2.2.6/cxf-rt-bindings-xml-2.2.6.jar:/Users/josediaz/.m2/repository/org/apache/cxf/cxf-rt-frontend-simple/2.2.6/cxf-rt-frontend-simple-2.2.6.jar:/Users/josediaz/.m2/repository/org/apache/cxf/cxf-rt-ws-addr/2.2.6/cxf-rt-ws-addr-2.2.6.jar:/Users/josediaz/.m2/repository/javax/xml/soap/saaj-api/1.3/saaj-api-1.3.jar:/Users/josediaz/.m2/repository/com/sun/xml/messaging/saaj/saaj-impl/1.3.2/saaj-impl-1.3.2.jar:/Users/josediaz/.m2/repository/org/apache/cxf/cxf-rt-transports-http/2.2.6/cxf-rt-transports-http-2.2.6.jar:/Users/josediaz/.m2/repository/org/springframework/spring-core/3.0.1.RELEASE/spring-core-3.0.1.RELEASE.jar:/Users/josediaz/.m2/repository/org/springframework/spring-asm/3.0.1.RELEASE/spring-asm-3.0.1.RELEASE.jar:/Users/josediaz/.m2/repository/org/springframework/spring-web/3.0.1.RELEASE/spring-web-3.0.1.RELEASE.jar:/Users/josediaz/.m2/repository/aopalliance/aopalliance/1.0/aopalliance-1.0.jar:/Users/josediaz/.m2/repository/org/springframework/spring-beans/3.0.1.RELEASE/spring-beans-3.0.1.RELEASE.jar:/Users/josediaz/.m2/repository/org/springframework/spring-context/3.0.1.RELEASE/spring-context-3.0.1.RELEASE.jar:/Users/josediaz/.m2/repository/org/springframework/spring-aop/3.0.1.RELEASE/spring-aop-3.0.1.RELEASE.jar:/Users/josediaz/.m2/repository/org/springframework/spring-expression/3.0.1.RELEASE/spring-expression-3.0.1.RELEASE.jar:/Users/josediaz/.m2/repository/org/springframework/spring-test/3.0.1.RELEASE/spring-test-3.0.1.RELEASE.jar:/Users/josediaz/.m2/repository/commons-logging/commons-logging/1.1.1/commons-logging-1.1.1.jar:/Users/josediaz/.m2/repository/junit/junit/4.5/junit-4.5.jar:"/>
    <property name="java.vm.specification.version" value="1.0"/>
    <property name="sun.arch.data.model" value="64"/>
    <property name="java.home" value="/System/Library/Java/JavaVirtualMachines/1.6.0.jdk/Contents/Home"/>
    <property name="sun.java.command" value="/Users/josediaz/Documents/workspace-dsd/apachecxf-jaxws-list-persons/target/surefire/surefirebooter7350448322832982109.jar /Users/josediaz/Documents/workspace-dsd/apachecxf-jaxws-list-persons/target/surefire/surefire347244738235763809tmp /Users/josediaz/Documents/workspace-dsd/apachecxf-jaxws-list-persons/target/surefire/surefire2957600307198929732tmp"/>
    <property name="java.specification.vendor" value="Sun Microsystems Inc."/>
    <property name="user.language" value="en"/>
    <property name="awt.toolkit" value="apple.awt.CToolkit"/>
    <property name="java.vm.info" value="mixed mode"/>
    <property name="java.version" value="1.6.0_31"/>
    <property name="java.ext.dirs" value="/Library/Java/Extensions:/System/Library/Java/Extensions:/System/Library/Java/JavaVirtualMachines/1.6.0.jdk/Contents/Home/lib/ext"/>
    <property name="sun.boot.class.path" value="/System/Library/Java/JavaVirtualMachines/1.6.0.jdk/Contents/Classes/jsfd.jar:/System/Library/Java/JavaVirtualMachines/1.6.0.jdk/Contents/Classes/classes.jar:/System/Library/Frameworks/JavaVM.framework/Frameworks/JavaRuntimeSupport.framework/Resources/Java/JavaRuntimeSupport.jar:/System/Library/Java/JavaVirtualMachines/1.6.0.jdk/Contents/Classes/ui.jar:/System/Library/Java/JavaVirtualMachines/1.6.0.jdk/Contents/Classes/laf.jar:/System/Library/Java/JavaVirtualMachines/1.6.0.jdk/Contents/Classes/sunrsasign.jar:/System/Library/Java/JavaVirtualMachines/1.6.0.jdk/Contents/Classes/jsse.jar:/System/Library/Java/JavaVirtualMachines/1.6.0.jdk/Contents/Classes/jce.jar:/System/Library/Java/JavaVirtualMachines/1.6.0.jdk/Contents/Classes/charsets.jar"/>
    <property name="java.vendor" value="Apple Inc."/>
    <property name="localRepository" value="/Users/josediaz/.m2/repository"/>
    <property name="file.separator" value="/"/>
    <property name="java.vendor.url.bug" value="http://bugreport.apple.com/"/>
    <property name="sun.cpu.endian" value="little"/>
    <property name="sun.io.unicode.encoding" value="UnicodeLittle"/>
    <property name="mrj.version" value="1070.1.6.0_31-415"/>
    <property name="socksNonProxyHosts" value="local|*.local|169.254/16|*.169.254/16"/>
    <property name="ftp.nonProxyHosts" value="local|*.local|169.254/16|*.169.254/16"/>
    <property name="sun.cpu.isalist" value=""/>
  </properties>
  <testcase time="1.384" classname="pe.joedayz.ejemplos.cxf.ClienteHolaMundoTest" name="testDecirHola">
    <error message="Could not send Message." type="javax.xml.ws.WebServiceException">javax.xml.ws.WebServiceException: Could not send Message.
	at org.apache.cxf.jaxws.JaxWsClientProxy.invoke(JaxWsClientProxy.java:135)
	at $Proxy51.decirHola(Unknown Source)
	at pe.joedayz.ejemplos.cxf.ClienteHolaMundoTest.testDecirHola(ClienteHolaMundoTest.java:36)
	at sun.reflect.NativeMethodAccessorImpl.invoke0(Native Method)
	at sun.reflect.NativeMethodAccessorImpl.invoke(NativeMethodAccessorImpl.java:39)
	at sun.reflect.DelegatingMethodAccessorImpl.invoke(DelegatingMethodAccessorImpl.java:25)
	at java.lang.reflect.Method.invoke(Method.java:597)
	at org.junit.runners.model.FrameworkMethod$1.runReflectiveCall(FrameworkMethod.java:44)
	at org.junit.internal.runners.model.ReflectiveCallable.run(ReflectiveCallable.java:15)
	at org.junit.runners.model.FrameworkMethod.invokeExplosively(FrameworkMethod.java:41)
	at org.junit.internal.runners.statements.InvokeMethod.evaluate(InvokeMethod.java:20)
	at org.junit.internal.runners.statements.RunBefores.evaluate(RunBefores.java:28)
	at org.springframework.test.context.junit4.statements.RunBeforeTestMethodCallbacks.evaluate(RunBeforeTestMethodCallbacks.java:74)
	at org.junit.internal.runners.statements.RunAfters.evaluate(RunAfters.java:31)
	at org.springframework.test.context.junit4.statements.RunAfterTestMethodCallbacks.evaluate(RunAfterTestMethodCallbacks.java:82)
	at org.springframework.test.context.junit4.statements.SpringRepeat.evaluate(SpringRepeat.java:72)
	at org.springframework.test.context.junit4.SpringJUnit4ClassRunner.runChild(SpringJUnit4ClassRunner.java:240)
	at org.junit.runners.BlockJUnit4ClassRunner.runChild(BlockJUnit4ClassRunner.java:46)
	at org.junit.runners.ParentRunner.runChildren(ParentRunner.java:180)
	at org.junit.runners.ParentRunner.access$000(ParentRunner.java:41)
	at org.junit.runners.ParentRunner$1.evaluate(ParentRunner.java:173)
	at org.junit.internal.runners.statements.RunBefores.evaluate(RunBefores.java:28)
	at org.springframework.test.context.junit4.statements.RunBeforeTestClassCallbacks.evaluate(RunBeforeTestClassCallbacks.java:61)
	at org.junit.internal.runners.statements.RunAfters.evaluate(RunAfters.java:31)
	at org.springframework.test.context.junit4.statements.RunAfterTestClassCallbacks.evaluate(RunAfterTestClassCallbacks.java:70)
	at org.junit.runners.ParentRunner.run(ParentRunner.java:220)
	at org.springframework.test.context.junit4.SpringJUnit4ClassRunner.run(SpringJUnit4ClassRunner.java:180)
	at org.apache.maven.surefire.junit4.JUnit4TestSet.execute(JUnit4TestSet.java:35)
	at org.apache.maven.surefire.junit4.JUnit4Provider.executeTestSet(JUnit4Provider.java:146)
	at org.apache.maven.surefire.junit4.JUnit4Provider.invoke(JUnit4Provider.java:97)
	at sun.reflect.NativeMethodAccessorImpl.invoke0(Native Method)
	at sun.reflect.NativeMethodAccessorImpl.invoke(NativeMethodAccessorImpl.java:39)
	at sun.reflect.DelegatingMethodAccessorImpl.invoke(DelegatingMethodAccessorImpl.java:25)
	at java.lang.reflect.Method.invoke(Method.java:597)
	at org.apache.maven.surefire.booter.ProviderFactory$ClassLoaderProxy.invoke(ProviderFactory.java:103)
	at $Proxy0.invoke(Unknown Source)
	at org.apache.maven.surefire.booter.SurefireStarter.invokeProvider(SurefireStarter.java:145)
	at org.apache.maven.surefire.booter.SurefireStarter.runSuitesInProcess(SurefireStarter.java:87)
	at org.apache.maven.surefire.booter.ForkedBooter.main(ForkedBooter.java:69)
Caused by: java.io.IOException: IOException invoking http://localhost:8080/HolaMundo: HTTP response &apos;404: Not Found&apos;
	at sun.reflect.NativeConstructorAccessorImpl.newInstance0(Native Method)
	at sun.reflect.NativeConstructorAccessorImpl.newInstance(NativeConstructorAccessorImpl.java:39)
	at sun.reflect.DelegatingConstructorAccessorImpl.newInstance(DelegatingConstructorAccessorImpl.java:27)
	at java.lang.reflect.Constructor.newInstance(Constructor.java:513)
	at org.apache.cxf.transport.http.HTTPConduit$WrappedOutputStream.mapException(HTTPConduit.java:2011)
	at org.apache.cxf.transport.http.HTTPConduit$WrappedOutputStream.close(HTTPConduit.java:1992)
	at org.apache.cxf.transport.AbstractConduit.close(AbstractConduit.java:66)
	at org.apache.cxf.transport.http.HTTPConduit.close(HTTPConduit.java:640)
	at org.apache.cxf.interceptor.MessageSenderInterceptor$MessageSenderEndingInterceptor.handleMessage(MessageSenderInterceptor.java:62)
	at org.apache.cxf.phase.PhaseInterceptorChain.doIntercept(PhaseInterceptorChain.java:243)
	at org.apache.cxf.endpoint.ClientImpl.invoke(ClientImpl.java:484)
	at org.apache.cxf.endpoint.ClientImpl.invoke(ClientImpl.java:310)
	at org.apache.cxf.endpoint.ClientImpl.invoke(ClientImpl.java:262)
	at org.apache.cxf.frontend.ClientProxy.invokeSync(ClientProxy.java:73)
	at org.apache.cxf.jaxws.JaxWsClientProxy.invoke(JaxWsClientProxy.java:124)
	... 38 more
Caused by: java.io.IOException: HTTP response &apos;404: Not Found&apos;
	at org.apache.cxf.transport.http.HTTPConduit$WrappedOutputStream.handleResponseInternal(HTTPConduit.java:2140)
	at org.apache.cxf.transport.http.HTTPConduit$WrappedOutputStream.handleResponse(HTTPConduit.java:2087)
	at org.apache.cxf.transport.http.HTTPConduit$WrappedOutputStream.close(HTTPConduit.java:1985)
	... 47 more
</error>
    <system-out>@HL
@HL-------------------------------------------------------
@HL T E S T S
@HL-------------------------------------------------------
@SLRunning pe.joedayz.ejemplos.cxf.ClienteHolaMundoTest
decirHola
</system-out>
    <system-err>May 29, 2012 9:51:21 PM org.springframework.test.context.TestContextManager retrieveTestExecutionListeners
INFO: @TestExecutionListeners is not present for class [class pe.joedayz.ejemplos.cxf.ClienteHolaMundoTest]: using defaults.
May 29, 2012 9:51:21 PM org.springframework.beans.factory.xml.XmlBeanDefinitionReader loadBeanDefinitions
INFO: Loading XML bean definitions from class path resource [pe/joedayz/ejemplos/cxf/applicationTest.xml]
May 29, 2012 9:51:21 PM org.springframework.context.support.AbstractApplicationContext prepareRefresh
INFO: Refreshing org.springframework.context.support.GenericApplicationContext@781f6226: startup date [Tue May 29 21:51:21 PET 2012]; root of context hierarchy
May 29, 2012 9:51:21 PM org.springframework.beans.factory.support.DefaultListableBeanFactory preInstantiateSingletons
INFO: Pre-instantiating singletons in org.springframework.beans.factory.support.DefaultListableBeanFactory@1fbbd7b2: defining beans [holaMundoCliente.proxyFactory,holaMundoCliente,org.springframework.context.annotation.internalConfigurationAnnotationProcessor,org.springframework.context.annotation.internalAutowiredAnnotationProcessor,org.springframework.context.annotation.internalRequiredAnnotationProcessor,org.springframework.context.annotation.internalCommonAnnotationProcessor]; root of factory hierarchy
May 29, 2012 9:51:21 PM org.springframework.context.support.AbstractApplicationContext prepareRefresh
INFO: Refreshing org.apache.cxf.bus.spring.BusApplicationContext@50502819: startup date [Tue May 29 21:51:21 PET 2012]; root of context hierarchy
May 29, 2012 9:51:21 PM org.springframework.beans.factory.xml.XmlBeanDefinitionReader loadBeanDefinitions
INFO: Loading XML bean definitions from class path resource [META-INF/cxf/cxf.xml]
May 29, 2012 9:51:21 PM org.springframework.beans.factory.xml.XmlBeanDefinitionReader loadBeanDefinitions
INFO: Loading XML bean definitions from class path resource [META-INF/cxf/cxf-extension-jaxws.xml]
May 29, 2012 9:51:21 PM org.springframework.beans.factory.xml.XmlBeanDefinitionReader loadBeanDefinitions
INFO: Loading XML bean definitions from class path resource [META-INF/cxf/cxf-extension-soap.xml]
May 29, 2012 9:51:21 PM org.springframework.beans.factory.xml.XmlBeanDefinitionReader loadBeanDefinitions
INFO: Loading XML bean definitions from class path resource [META-INF/cxf/cxf-extension-xml.xml]
May 29, 2012 9:51:21 PM org.springframework.beans.factory.xml.XmlBeanDefinitionReader loadBeanDefinitions
INFO: Loading XML bean definitions from class path resource [META-INF/cxf/cxf-extension-addr.xml]
May 29, 2012 9:51:21 PM org.springframework.beans.factory.xml.XmlBeanDefinitionReader loadBeanDefinitions
INFO: Loading XML bean definitions from class path resource [META-INF/cxf/cxf-extension-http.xml]
May 29, 2012 9:51:21 PM org.springframework.beans.factory.support.DefaultListableBeanFactory preInstantiateSingletons
INFO: Pre-instantiating singletons in org.springframework.beans.factory.support.DefaultListableBeanFactory@77546dbc: defining beans [cxf,org.apache.cxf.bus.spring.BusApplicationListener,org.apache.cxf.bus.spring.BusWiringBeanFactoryPostProcessor,org.apache.cxf.bus.spring.Jsr250BeanPostProcessor,org.apache.cxf.bus.spring.BusExtensionPostProcessor,org.apache.cxf.resource.ResourceManager,org.apache.cxf.configuration.Configurer,org.apache.cxf.binding.BindingFactoryManager,org.apache.cxf.transport.DestinationFactoryManager,org.apache.cxf.transport.ConduitInitiatorManager,org.apache.cxf.wsdl.WSDLManager,org.apache.cxf.phase.PhaseManager,org.apache.cxf.workqueue.WorkQueueManager,org.apache.cxf.buslifecycle.BusLifeCycleManager,org.apache.cxf.endpoint.ServerRegistry,org.apache.cxf.endpoint.ServerLifeCycleManager,org.apache.cxf.endpoint.ClientLifeCycleManager,org.apache.cxf.transports.http.QueryHandlerRegistry,org.apache.cxf.endpoint.EndpointResolverRegistry,org.apache.cxf.headers.HeaderManager,org.apache.cxf.catalog.OASISCatalogManager,org.apache.cxf.endpoint.ServiceContractResolverRegistry,org.apache.cxf.jaxws.context.WebServiceContextResourceResolver,org.apache.cxf.jaxws.context.WebServiceContextImpl,org.apache.cxf.binding.soap.SoapBindingFactory,org.apache.cxf.binding.soap.SoapTransportFactory,org.apache.cxf.binding.soap.customEditorConfigurer,org.apache.cxf.binding.xml.XMLBindingFactory,org.apache.cxf.ws.addressing.policy.AddressingAssertionBuilder,org.apache.cxf.ws.addressing.policy.AddressingPolicyInterceptorProvider,org.apache.cxf.ws.addressing.policy.UsingAddressingAssertionBuilder,org.apache.cxf.transport.http.policy.HTTPClientAssertionBuilder,org.apache.cxf.transport.http.policy.HTTPServerAssertionBuilder,org.apache.cxf.transport.http.policy.NoOpPolicyInterceptorProvider,org.apache.cxf.transport.http.ClientOnlyHTTPTransportFactory]; root of factory hierarchy
May 29, 2012 9:51:22 PM org.apache.cxf.service.factory.ReflectionServiceFactoryBean buildServiceFromClass
INFO: Creating Service {http://cxf.ejemplos.joedayz.pe/}HolaMundoService from class pe.joedayz.ejemplos.cxf.HolaMundo
May 29, 2012 9:51:22 PM org.apache.cxf.phase.PhaseInterceptorChain doDefaultLogging
WARNING: Interceptor for {http://cxf.ejemplos.joedayz.pe/}HolaMundoService#{http://cxf.ejemplos.joedayz.pe/}decirHola has thrown exception, unwinding now
org.apache.cxf.interceptor.Fault: Could not send Message.
	at org.apache.cxf.interceptor.MessageSenderInterceptor$MessageSenderEndingInterceptor.handleMessage(MessageSenderInterceptor.java:64)
	at org.apache.cxf.phase.PhaseInterceptorChain.doIntercept(PhaseInterceptorChain.java:243)
	at org.apache.cxf.endpoint.ClientImpl.invoke(ClientImpl.java:484)
	at org.apache.cxf.endpoint.ClientImpl.invoke(ClientImpl.java:310)
	at org.apache.cxf.endpoint.ClientImpl.invoke(ClientImpl.java:262)
	at org.apache.cxf.frontend.ClientProxy.invokeSync(ClientProxy.java:73)
	at org.apache.cxf.jaxws.JaxWsClientProxy.invoke(JaxWsClientProxy.java:124)
	at $Proxy51.decirHola(Unknown Source)
	at pe.joedayz.ejemplos.cxf.ClienteHolaMundoTest.testDecirHola(ClienteHolaMundoTest.java:36)
	at sun.reflect.NativeMethodAccessorImpl.invoke0(Native Method)
	at sun.reflect.NativeMethodAccessorImpl.invoke(NativeMethodAccessorImpl.java:39)
	at sun.reflect.DelegatingMethodAccessorImpl.invoke(DelegatingMethodAccessorImpl.java:25)
	at java.lang.reflect.Method.invoke(Method.java:597)
	at org.junit.runners.model.FrameworkMethod$1.runReflectiveCall(FrameworkMethod.java:44)
	at org.junit.internal.runners.model.ReflectiveCallable.run(ReflectiveCallable.java:15)
	at org.junit.runners.model.FrameworkMethod.invokeExplosively(FrameworkMethod.java:41)
	at org.junit.internal.runners.statements.InvokeMethod.evaluate(InvokeMethod.java:20)
	at org.junit.internal.runners.statements.RunBefores.evaluate(RunBefores.java:28)
	at org.springframework.test.context.junit4.statements.RunBeforeTestMethodCallbacks.evaluate(RunBeforeTestMethodCallbacks.java:74)
	at org.junit.internal.runners.statements.RunAfters.evaluate(RunAfters.java:31)
	at org.springframework.test.context.junit4.statements.RunAfterTestMethodCallbacks.evaluate(RunAfterTestMethodCallbacks.java:82)
	at org.springframework.test.context.junit4.statements.SpringRepeat.evaluate(SpringRepeat.java:72)
	at org.springframework.test.context.junit4.SpringJUnit4ClassRunner.runChild(SpringJUnit4ClassRunner.java:240)
	at org.junit.runners.BlockJUnit4ClassRunner.runChild(BlockJUnit4ClassRunner.java:46)
	at org.junit.runners.ParentRunner.runChildren(ParentRunner.java:180)
	at org.junit.runners.ParentRunner.access$000(ParentRunner.java:41)
	at org.junit.runners.ParentRunner$1.evaluate(ParentRunner.java:173)
	at org.junit.internal.runners.statements.RunBefores.evaluate(RunBefores.java:28)
	at org.springframework.test.context.junit4.statements.RunBeforeTestClassCallbacks.evaluate(RunBeforeTestClassCallbacks.java:61)
	at org.junit.internal.runners.statements.RunAfters.evaluate(RunAfters.java:31)
	at org.springframework.test.context.junit4.statements.RunAfterTestClassCallbacks.evaluate(RunAfterTestClassCallbacks.java:70)
	at org.junit.runners.ParentRunner.run(ParentRunner.java:220)
	at org.springframework.test.context.junit4.SpringJUnit4ClassRunner.run(SpringJUnit4ClassRunner.java:180)
	at org.apache.maven.surefire.junit4.JUnit4TestSet.execute(JUnit4TestSet.java:35)
	at org.apache.maven.surefire.junit4.JUnit4Provider.executeTestSet(JUnit4Provider.java:146)
	at org.apache.maven.surefire.junit4.JUnit4Provider.invoke(JUnit4Provider.java:97)
	at sun.reflect.NativeMethodAccessorImpl.invoke0(Native Method)
	at sun.reflect.NativeMethodAccessorImpl.invoke(NativeMethodAccessorImpl.java:39)
	at sun.reflect.DelegatingMethodAccessorImpl.invoke(DelegatingMethodAccessorImpl.java:25)
	at java.lang.reflect.Method.invoke(Method.java:597)
	at org.apache.maven.surefire.booter.ProviderFactory$ClassLoaderProxy.invoke(ProviderFactory.java:103)
	at $Proxy0.invoke(Unknown Source)
	at org.apache.maven.surefire.booter.SurefireStarter.invokeProvider(SurefireStarter.java:145)
	at org.apache.maven.surefire.booter.SurefireStarter.runSuitesInProcess(SurefireStarter.java:87)
	at org.apache.maven.surefire.booter.ForkedBooter.main(ForkedBooter.java:69)
Caused by: java.io.IOException: IOException invoking http://localhost:8080/HolaMundo: HTTP response &apos;404: Not Found&apos;
	at sun.reflect.NativeConstructorAccessorImpl.newInstance0(Native Method)
	at sun.reflect.NativeConstructorAccessorImpl.newInstance(NativeConstructorAccessorImpl.java:39)
	at sun.reflect.DelegatingConstructorAccessorImpl.newInstance(DelegatingConstructorAccessorImpl.java:27)
	at java.lang.reflect.Constructor.newInstance(Constructor.java:513)
	at org.apache.cxf.transport.http.HTTPConduit$WrappedOutputStream.mapException(HTTPConduit.java:2011)
	at org.apache.cxf.transport.http.HTTPConduit$WrappedOutputStream.close(HTTPConduit.java:1992)
	at org.apache.cxf.transport.AbstractConduit.close(AbstractConduit.java:66)
	at org.apache.cxf.transport.http.HTTPConduit.close(HTTPConduit.java:640)
	at org.apache.cxf.interceptor.MessageSenderInterceptor$MessageSenderEndingInterceptor.handleMessage(MessageSenderInterceptor.java:62)
	... 44 more
Caused by: java.io.IOException: HTTP response &apos;404: Not Found&apos;
	at org.apache.cxf.transport.http.HTTPConduit$WrappedOutputStream.handleResponseInternal(HTTPConduit.java:2140)
	at org.apache.cxf.transport.http.HTTPConduit$WrappedOutputStream.handleResponse(HTTPConduit.java:2087)
	at org.apache.cxf.transport.http.HTTPConduit$WrappedOutputStream.close(HTTPConduit.java:1985)
	... 47 more
</system-err>
  </testcase>
  <testcase time="0.042" classname="pe.joedayz.ejemplos.cxf.ClienteHolaMundoTest" name="testBuscarPersona">
    <error message="Could not send Message." type="javax.xml.ws.WebServiceException">javax.xml.ws.WebServiceException: Could not send Message.
	at org.apache.cxf.jaxws.JaxWsClientProxy.invoke(JaxWsClientProxy.java:135)
	at $Proxy51.buscarPersona(Unknown Source)
	at pe.joedayz.ejemplos.cxf.ClienteHolaMundoTest.testBuscarPersona(ClienteHolaMundoTest.java:49)
	at sun.reflect.NativeMethodAccessorImpl.invoke0(Native Method)
	at sun.reflect.NativeMethodAccessorImpl.invoke(NativeMethodAccessorImpl.java:39)
	at sun.reflect.DelegatingMethodAccessorImpl.invoke(DelegatingMethodAccessorImpl.java:25)
	at java.lang.reflect.Method.invoke(Method.java:597)
	at org.junit.runners.model.FrameworkMethod$1.runReflectiveCall(FrameworkMethod.java:44)
	at org.junit.internal.runners.model.ReflectiveCallable.run(ReflectiveCallable.java:15)
	at org.junit.runners.model.FrameworkMethod.invokeExplosively(FrameworkMethod.java:41)
	at org.junit.internal.runners.statements.InvokeMethod.evaluate(InvokeMethod.java:20)
	at org.junit.internal.runners.statements.RunBefores.evaluate(RunBefores.java:28)
	at org.springframework.test.context.junit4.statements.RunBeforeTestMethodCallbacks.evaluate(RunBeforeTestMethodCallbacks.java:74)
	at org.junit.internal.runners.statements.RunAfters.evaluate(RunAfters.java:31)
	at org.springframework.test.context.junit4.statements.RunAfterTestMethodCallbacks.evaluate(RunAfterTestMethodCallbacks.java:82)
	at org.springframework.test.context.junit4.statements.SpringRepeat.evaluate(SpringRepeat.java:72)
	at org.springframework.test.context.junit4.SpringJUnit4ClassRunner.runChild(SpringJUnit4ClassRunner.java:240)
	at org.junit.runners.BlockJUnit4ClassRunner.runChild(BlockJUnit4ClassRunner.java:46)
	at org.junit.runners.ParentRunner.runChildren(ParentRunner.java:180)
	at org.junit.runners.ParentRunner.access$000(ParentRunner.java:41)
	at org.junit.runners.ParentRunner$1.evaluate(ParentRunner.java:173)
	at org.junit.internal.runners.statements.RunBefores.evaluate(RunBefores.java:28)
	at org.springframework.test.context.junit4.statements.RunBeforeTestClassCallbacks.evaluate(RunBeforeTestClassCallbacks.java:61)
	at org.junit.internal.runners.statements.RunAfters.evaluate(RunAfters.java:31)
	at org.springframework.test.context.junit4.statements.RunAfterTestClassCallbacks.evaluate(RunAfterTestClassCallbacks.java:70)
	at org.junit.runners.ParentRunner.run(ParentRunner.java:220)
	at org.springframework.test.context.junit4.SpringJUnit4ClassRunner.run(SpringJUnit4ClassRunner.java:180)
	at org.apache.maven.surefire.junit4.JUnit4TestSet.execute(JUnit4TestSet.java:35)
	at org.apache.maven.surefire.junit4.JUnit4Provider.executeTestSet(JUnit4Provider.java:146)
	at org.apache.maven.surefire.junit4.JUnit4Provider.invoke(JUnit4Provider.java:97)
	at sun.reflect.NativeMethodAccessorImpl.invoke0(Native Method)
	at sun.reflect.NativeMethodAccessorImpl.invoke(NativeMethodAccessorImpl.java:39)
	at sun.reflect.DelegatingMethodAccessorImpl.invoke(DelegatingMethodAccessorImpl.java:25)
	at java.lang.reflect.Method.invoke(Method.java:597)
	at org.apache.maven.surefire.booter.ProviderFactory$ClassLoaderProxy.invoke(ProviderFactory.java:103)
	at $Proxy0.invoke(Unknown Source)
	at org.apache.maven.surefire.booter.SurefireStarter.invokeProvider(SurefireStarter.java:145)
	at org.apache.maven.surefire.booter.SurefireStarter.runSuitesInProcess(SurefireStarter.java:87)
	at org.apache.maven.surefire.booter.ForkedBooter.main(ForkedBooter.java:69)
Caused by: java.io.IOException: IOException invoking http://localhost:8080/HolaMundo: HTTP response &apos;404: Not Found&apos;
	at sun.reflect.NativeConstructorAccessorImpl.newInstance0(Native Method)
	at sun.reflect.NativeConstructorAccessorImpl.newInstance(NativeConstructorAccessorImpl.java:39)
	at sun.reflect.DelegatingConstructorAccessorImpl.newInstance(DelegatingConstructorAccessorImpl.java:27)
	at java.lang.reflect.Constructor.newInstance(Constructor.java:513)
	at org.apache.cxf.transport.http.HTTPConduit$WrappedOutputStream.mapException(HTTPConduit.java:2011)
	at org.apache.cxf.transport.http.HTTPConduit$WrappedOutputStream.close(HTTPConduit.java:1992)
	at org.apache.cxf.transport.AbstractConduit.close(AbstractConduit.java:66)
	at org.apache.cxf.transport.http.HTTPConduit.close(HTTPConduit.java:640)
	at org.apache.cxf.interceptor.MessageSenderInterceptor$MessageSenderEndingInterceptor.handleMessage(MessageSenderInterceptor.java:62)
	at org.apache.cxf.phase.PhaseInterceptorChain.doIntercept(PhaseInterceptorChain.java:243)
	at org.apache.cxf.endpoint.ClientImpl.invoke(ClientImpl.java:484)
	at org.apache.cxf.endpoint.ClientImpl.invoke(ClientImpl.java:310)
	at org.apache.cxf.endpoint.ClientImpl.invoke(ClientImpl.java:262)
	at org.apache.cxf.frontend.ClientProxy.invokeSync(ClientProxy.java:73)
	at org.apache.cxf.jaxws.JaxWsClientProxy.invoke(JaxWsClientProxy.java:124)
	... 38 more
Caused by: java.io.IOException: HTTP response &apos;404: Not Found&apos;
	at org.apache.cxf.transport.http.HTTPConduit$WrappedOutputStream.handleResponseInternal(HTTPConduit.java:2140)
	at org.apache.cxf.transport.http.HTTPConduit$WrappedOutputStream.handleResponse(HTTPConduit.java:2087)
	at org.apache.cxf.transport.http.HTTPConduit$WrappedOutputStream.close(HTTPConduit.java:1985)
	... 47 more
</error>
    <system-out>buscarPersona
</system-out>
    <system-err>May 29, 2012 9:51:22 PM org.apache.cxf.phase.PhaseInterceptorChain doDefaultLogging
WARNING: Interceptor for {http://cxf.ejemplos.joedayz.pe/}HolaMundoService#{http://cxf.ejemplos.joedayz.pe/}buscarPersona has thrown exception, unwinding now
org.apache.cxf.interceptor.Fault: Could not send Message.
	at org.apache.cxf.interceptor.MessageSenderInterceptor$MessageSenderEndingInterceptor.handleMessage(MessageSenderInterceptor.java:64)
	at org.apache.cxf.phase.PhaseInterceptorChain.doIntercept(PhaseInterceptorChain.java:243)
	at org.apache.cxf.endpoint.ClientImpl.invoke(ClientImpl.java:484)
	at org.apache.cxf.endpoint.ClientImpl.invoke(ClientImpl.java:310)
	at org.apache.cxf.endpoint.ClientImpl.invoke(ClientImpl.java:262)
	at org.apache.cxf.frontend.ClientProxy.invokeSync(ClientProxy.java:73)
	at org.apache.cxf.jaxws.JaxWsClientProxy.invoke(JaxWsClientProxy.java:124)
	at $Proxy51.buscarPersona(Unknown Source)
	at pe.joedayz.ejemplos.cxf.ClienteHolaMundoTest.testBuscarPersona(ClienteHolaMundoTest.java:49)
	at sun.reflect.NativeMethodAccessorImpl.invoke0(Native Method)
	at sun.reflect.NativeMethodAccessorImpl.invoke(NativeMethodAccessorImpl.java:39)
	at sun.reflect.DelegatingMethodAccessorImpl.invoke(DelegatingMethodAccessorImpl.java:25)
	at java.lang.reflect.Method.invoke(Method.java:597)
	at org.junit.runners.model.FrameworkMethod$1.runReflectiveCall(FrameworkMethod.java:44)
	at org.junit.internal.runners.model.ReflectiveCallable.run(ReflectiveCallable.java:15)
	at org.junit.runners.model.FrameworkMethod.invokeExplosively(FrameworkMethod.java:41)
	at org.junit.internal.runners.statements.InvokeMethod.evaluate(InvokeMethod.java:20)
	at org.junit.internal.runners.statements.RunBefores.evaluate(RunBefores.java:28)
	at org.springframework.test.context.junit4.statements.RunBeforeTestMethodCallbacks.evaluate(RunBeforeTestMethodCallbacks.java:74)
	at org.junit.internal.runners.statements.RunAfters.evaluate(RunAfters.java:31)
	at org.springframework.test.context.junit4.statements.RunAfterTestMethodCallbacks.evaluate(RunAfterTestMethodCallbacks.java:82)
	at org.springframework.test.context.junit4.statements.SpringRepeat.evaluate(SpringRepeat.java:72)
	at org.springframework.test.context.junit4.SpringJUnit4ClassRunner.runChild(SpringJUnit4ClassRunner.java:240)
	at org.junit.runners.BlockJUnit4ClassRunner.runChild(BlockJUnit4ClassRunner.java:46)
	at org.junit.runners.ParentRunner.runChildren(ParentRunner.java:180)
	at org.junit.runners.ParentRunner.access$000(ParentRunner.java:41)
	at org.junit.runners.ParentRunner$1.evaluate(ParentRunner.java:173)
	at org.junit.internal.runners.statements.RunBefores.evaluate(RunBefores.java:28)
	at org.springframework.test.context.junit4.statements.RunBeforeTestClassCallbacks.evaluate(RunBeforeTestClassCallbacks.java:61)
	at org.junit.internal.runners.statements.RunAfters.evaluate(RunAfters.java:31)
	at org.springframework.test.context.junit4.statements.RunAfterTestClassCallbacks.evaluate(RunAfterTestClassCallbacks.java:70)
	at org.junit.runners.ParentRunner.run(ParentRunner.java:220)
	at org.springframework.test.context.junit4.SpringJUnit4ClassRunner.run(SpringJUnit4ClassRunner.java:180)
	at org.apache.maven.surefire.junit4.JUnit4TestSet.execute(JUnit4TestSet.java:35)
	at org.apache.maven.surefire.junit4.JUnit4Provider.executeTestSet(JUnit4Provider.java:146)
	at org.apache.maven.surefire.junit4.JUnit4Provider.invoke(JUnit4Provider.java:97)
	at sun.reflect.NativeMethodAccessorImpl.invoke0(Native Method)
	at sun.reflect.NativeMethodAccessorImpl.invoke(NativeMethodAccessorImpl.java:39)
	at sun.reflect.DelegatingMethodAccessorImpl.invoke(DelegatingMethodAccessorImpl.java:25)
	at java.lang.reflect.Method.invoke(Method.java:597)
	at org.apache.maven.surefire.booter.ProviderFactory$ClassLoaderProxy.invoke(ProviderFactory.java:103)
	at $Proxy0.invoke(Unknown Source)
	at org.apache.maven.surefire.booter.SurefireStarter.invokeProvider(SurefireStarter.java:145)
	at org.apache.maven.surefire.booter.SurefireStarter.runSuitesInProcess(SurefireStarter.java:87)
	at org.apache.maven.surefire.booter.ForkedBooter.main(ForkedBooter.java:69)
Caused by: java.io.IOException: IOException invoking http://localhost:8080/HolaMundo: HTTP response &apos;404: Not Found&apos;
	at sun.reflect.NativeConstructorAccessorImpl.newInstance0(Native Method)
	at sun.reflect.NativeConstructorAccessorImpl.newInstance(NativeConstructorAccessorImpl.java:39)
	at sun.reflect.DelegatingConstructorAccessorImpl.newInstance(DelegatingConstructorAccessorImpl.java:27)
	at java.lang.reflect.Constructor.newInstance(Constructor.java:513)
	at org.apache.cxf.transport.http.HTTPConduit$WrappedOutputStream.mapException(HTTPConduit.java:2011)
	at org.apache.cxf.transport.http.HTTPConduit$WrappedOutputStream.close(HTTPConduit.java:1992)
	at org.apache.cxf.transport.AbstractConduit.close(AbstractConduit.java:66)
	at org.apache.cxf.transport.http.HTTPConduit.close(HTTPConduit.java:640)
	at org.apache.cxf.interceptor.MessageSenderInterceptor$MessageSenderEndingInterceptor.handleMessage(MessageSenderInterceptor.java:62)
	... 44 more
Caused by: java.io.IOException: HTTP response &apos;404: Not Found&apos;
	at org.apache.cxf.transport.http.HTTPConduit$WrappedOutputStream.handleResponseInternal(HTTPConduit.java:2140)
	at org.apache.cxf.transport.http.HTTPConduit$WrappedOutputStream.handleResponse(HTTPConduit.java:2087)
	at org.apache.cxf.transport.http.HTTPConduit$WrappedOutputStream.close(HTTPConduit.java:1985)
	... 47 more
</system-err>
  </testcase>
</testsuite>